{"contracts/manager/IndexableNFTManager.sol":{"l":{"21":65,"22":64,"30":68,"42":2,"43":1,"55":38},"path":"/home/alejoamiras/projects/e11-nft-index/contracts/manager/IndexableNFTManager.sol","s":{"1":65,"2":64,"3":68,"4":2,"5":1},"b":{"1":[64,1],"2":[1,1]},"f":{"1":65,"2":68,"3":2,"4":38},"fnMap":{"1":{"name":null,"line":20,"loc":{"start":{"line":20,"column":2},"end":{"line":20,"column":44}}},"2":{"name":"isNFTManager","line":29,"loc":{"start":{"line":29,"column":2},"end":{"line":29,"column":54}}},"3":{"name":"setNFTIndexer","line":41,"loc":{"start":{"line":41,"column":2},"end":{"line":41,"column":67}}},"4":{"name":"setNFTUri","line":54,"loc":{"start":{"line":54,"column":2},"end":{"line":54,"column":92}}}},"statementMap":{"1":{"start":{"line":21,"column":4},"end":{"line":21,"column":46}},"2":{"start":{"line":22,"column":4},"end":{"line":22,"column":27}},"3":{"start":{"line":30,"column":4},"end":{"line":30,"column":15}},"4":{"start":{"line":42,"column":4},"end":{"line":42,"column":46}},"5":{"start":{"line":43,"column":4},"end":{"line":43,"column":27}}},"branchMap":{"1":{"line":21,"type":"if","locations":[{"start":{"line":21,"column":4},"end":{"line":21,"column":4}},{"start":{"line":21,"column":4},"end":{"line":21,"column":4}}]},"2":{"line":42,"type":"if","locations":[{"start":{"line":42,"column":4},"end":{"line":42,"column":4}},{"start":{"line":42,"column":4},"end":{"line":42,"column":4}}]}}},"contracts/manager/TokenableNFTManager.sol":{"l":{"53":16,"56":15,"57":15,"63":14,"64":14,"66":13,"70":14,"73":14,"86":4,"87":4,"92":3,"94":3,"95":1,"96":1,"98":3,"99":3,"100":3,"104":3,"105":2,"106":2,"108":2,"109":1,"110":1,"113":2,"114":2,"115":2,"118":3,"130":14,"132":13,"133":13},"path":"/home/alejoamiras/projects/e11-nft-index/contracts/manager/TokenableNFTManager.sol","s":{"1":16,"2":15,"3":15,"4":14,"5":14,"6":13,"7":14,"8":14,"9":4,"10":4,"11":3,"12":3,"13":1,"14":1,"15":3,"16":3,"17":2,"18":2,"19":2,"20":1,"21":1,"22":2,"23":3,"24":14,"25":1,"26":13,"27":13},"b":{"1":[15,1],"2":[14,1],"3":[13,1],"4":[3,1],"5":[1,2],"6":[2,1],"7":[1,1],"8":[1,13]},"f":{"1":64,"2":16,"3":4,"4":14},"fnMap":{"1":{"name":null,"line":42,"loc":{"start":{"line":42,"column":2},"end":{"line":42,"column":77}}},"2":{"name":"setNFTActive","line":52,"loc":{"start":{"line":52,"column":2},"end":{"line":52,"column":69}}},"3":{"name":"removeActiveNFT","line":83,"loc":{"start":{"line":83,"column":2},"end":{"line":83,"column":72}}},"4":{"name":"isTokenActive","line":129,"loc":{"start":{"line":129,"column":2},"end":{"line":129,"column":112}}}},"statementMap":{"1":{"start":{"line":53,"column":4},"end":{"line":53,"column":54}},"2":{"start":{"line":56,"column":4},"end":{"line":56,"column":72}},"3":{"start":{"line":57,"column":4},"end":{"line":57,"column":2130}},"4":{"start":{"line":63,"column":4},"end":{"line":63,"column":76}},"5":{"start":{"line":64,"column":4},"end":{"line":64,"column":2471}},"6":{"start":{"line":66,"column":6},"end":{"line":66,"column":110}},"7":{"start":{"line":70,"column":4},"end":{"line":70,"column":107}},"8":{"start":{"line":73,"column":4},"end":{"line":73,"column":57}},"9":{"start":{"line":86,"column":4},"end":{"line":86,"column":72}},"10":{"start":{"line":87,"column":4},"end":{"line":87,"column":3483}},"11":{"start":{"line":92,"column":4},"end":{"line":92,"column":108}},"12":{"start":{"line":94,"column":4},"end":{"line":94,"column":3748}},"13":{"start":{"line":95,"column":6},"end":{"line":95,"column":65}},"14":{"start":{"line":96,"column":6},"end":{"line":96,"column":69}},"15":{"start":{"line":100,"column":4},"end":{"line":100,"column":99}},"16":{"start":{"line":104,"column":4},"end":{"line":104,"column":4300}},"17":{"start":{"line":105,"column":6},"end":{"line":105,"column":78}},"18":{"start":{"line":106,"column":6},"end":{"line":106,"column":101}},"19":{"start":{"line":108,"column":6},"end":{"line":108,"column":4550}},"20":{"start":{"line":109,"column":8},"end":{"line":109,"column":67}},"21":{"start":{"line":110,"column":8},"end":{"line":110,"column":72}},"22":{"start":{"line":115,"column":6},"end":{"line":115,"column":89}},"23":{"start":{"line":118,"column":4},"end":{"line":118,"column":59}},"24":{"start":{"line":130,"column":4},"end":{"line":130,"column":60}},"25":{"start":{"line":130,"column":48},"end":{"line":130,"column":60}},"26":{"start":{"line":132,"column":4},"end":{"line":132,"column":68}},"27":{"start":{"line":133,"column":4},"end":{"line":133,"column":5682}}},"branchMap":{"1":{"line":53,"type":"if","locations":[{"start":{"line":53,"column":4},"end":{"line":53,"column":4}},{"start":{"line":53,"column":4},"end":{"line":53,"column":4}}]},"2":{"line":57,"type":"if","locations":[{"start":{"line":57,"column":4},"end":{"line":57,"column":4}},{"start":{"line":57,"column":4},"end":{"line":57,"column":4}}]},"3":{"line":64,"type":"if","locations":[{"start":{"line":64,"column":4},"end":{"line":64,"column":4}},{"start":{"line":64,"column":4},"end":{"line":64,"column":4}}]},"4":{"line":87,"type":"if","locations":[{"start":{"line":87,"column":4},"end":{"line":87,"column":4}},{"start":{"line":87,"column":4},"end":{"line":87,"column":4}}]},"5":{"line":94,"type":"if","locations":[{"start":{"line":94,"column":4},"end":{"line":94,"column":4}},{"start":{"line":94,"column":4},"end":{"line":94,"column":4}}]},"6":{"line":104,"type":"if","locations":[{"start":{"line":104,"column":4},"end":{"line":104,"column":4}},{"start":{"line":104,"column":4},"end":{"line":104,"column":4}}]},"7":{"line":108,"type":"if","locations":[{"start":{"line":108,"column":6},"end":{"line":108,"column":6}},{"start":{"line":108,"column":6},"end":{"line":108,"column":6}}]},"8":{"line":130,"type":"if","locations":[{"start":{"line":130,"column":4},"end":{"line":130,"column":4}},{"start":{"line":130,"column":4},"end":{"line":130,"column":4}}]}}},"contracts/manager/TypeableNFTManager.sol":{"l":{"27":37,"28":36,"40":8,"42":8,"47":8,"48":5,"51":3,"52":3,"53":2},"path":"/home/alejoamiras/projects/e11-nft-index/contracts/manager/TypeableNFTManager.sol","s":{"1":37,"2":36,"3":8,"4":8,"5":8,"6":5,"7":3,"8":3,"9":2},"b":{"1":[36,1],"2":[5,3],"3":[2,1]},"f":{"1":64,"2":37,"3":8},"fnMap":{"1":{"name":null,"line":16,"loc":{"start":{"line":16,"column":2},"end":{"line":16,"column":77}}},"2":{"name":"setNFTTypeMask","line":26,"loc":{"start":{"line":26,"column":2},"end":{"line":26,"column":87}}},"3":{"name":"getNFTTypeId","line":38,"loc":{"start":{"line":38,"column":2},"end":{"line":38,"column":108}}}},"statementMap":{"1":{"start":{"line":27,"column":4},"end":{"line":27,"column":30}},"2":{"start":{"line":28,"column":4},"end":{"line":28,"column":45}},"3":{"start":{"line":40,"column":4},"end":{"line":40,"column":36}},"4":{"start":{"line":42,"column":4},"end":{"line":42,"column":46}},"5":{"start":{"line":47,"column":4},"end":{"line":47,"column":1807}},"6":{"start":{"line":48,"column":6},"end":{"line":48,"column":54}},"7":{"start":{"line":51,"column":6},"end":{"line":51,"column":70}},"8":{"start":{"line":52,"column":6},"end":{"line":52,"column":2060}},"9":{"start":{"line":53,"column":8},"end":{"line":53,"column":90}}},"branchMap":{"1":{"line":27,"type":"if","locations":[{"start":{"line":27,"column":4},"end":{"line":27,"column":4}},{"start":{"line":27,"column":4},"end":{"line":27,"column":4}}]},"2":{"line":47,"type":"if","locations":[{"start":{"line":47,"column":4},"end":{"line":47,"column":4}},{"start":{"line":47,"column":4},"end":{"line":47,"column":4}}]},"3":{"line":52,"type":"if","locations":[{"start":{"line":52,"column":6},"end":{"line":52,"column":6}},{"start":{"line":52,"column":6},"end":{"line":52,"column":6}}]}}},"contracts/MintableNFT.sol":{"l":{"17":109,"18":108,"19":107,"20":107,"21":107,"29":25,"40":45,"41":44,"43":44,"44":44,"46":44,"48":44,"52":66,"53":64,"54":64,"56":196,"57":196,"58":196,"60":196,"61":195,"62":194,"64":192,"65":192,"70":1,"72":1,"73":3,"76":1},"path":"/home/alejoamiras/projects/e11-nft-index/contracts/MintableNFT.sol","s":{"1":109,"2":108,"3":107,"4":107,"5":107,"6":25,"7":45,"8":44,"9":44,"10":44,"11":44,"12":44,"13":66,"14":64,"15":196,"16":196,"17":196,"18":196,"19":195,"20":194,"21":192,"22":192,"23":1,"24":1,"25":3,"26":1},"b":{"1":[108,1],"2":[107,1],"3":[44,1],"4":[64,2],"5":[195,1],"6":[194,1],"7":[192,2]},"f":{"1":109,"2":25,"3":45,"4":66,"5":1},"fnMap":{"1":{"name":null,"line":16,"loc":{"start":{"line":16,"column":2},"end":{"line":16,"column":99}}},"2":{"name":"isMintableNFT","line":28,"loc":{"start":{"line":28,"column":2},"end":{"line":28,"column":55}}},"3":{"name":"mint","line":37,"loc":{"start":{"line":37,"column":2},"end":{"line":38,"column":70}}},"4":{"name":"setTokensQuantity","line":51,"loc":{"start":{"line":51,"column":2},"end":{"line":51,"column":91}}},"5":{"name":"getOwnedTokensIds","line":69,"loc":{"start":{"line":69,"column":2},"end":{"line":69,"column":85}}}},"statementMap":{"1":{"start":{"line":17,"column":4},"end":{"line":17,"column":29}},"2":{"start":{"line":18,"column":4},"end":{"line":18,"column":30}},"3":{"start":{"line":19,"column":4},"end":{"line":19,"column":31}},"4":{"start":{"line":20,"column":4},"end":{"line":20,"column":69}},"5":{"start":{"line":21,"column":4},"end":{"line":21,"column":40}},"6":{"start":{"line":29,"column":4},"end":{"line":29,"column":15}},"7":{"start":{"line":40,"column":4},"end":{"line":40,"column":54}},"8":{"start":{"line":41,"column":4},"end":{"line":41,"column":58}},"9":{"start":{"line":43,"column":4},"end":{"line":43,"column":89}},"10":{"start":{"line":44,"column":4},"end":{"line":44,"column":106}},"11":{"start":{"line":46,"column":4},"end":{"line":46,"column":56}},"12":{"start":{"line":48,"column":4},"end":{"line":48,"column":31}},"13":{"start":{"line":52,"column":4},"end":{"line":52,"column":78}},"14":{"start":{"line":54,"column":4},"end":{"line":54,"column":2223}},"15":{"start":{"line":56,"column":6},"end":{"line":56,"column":46}},"16":{"start":{"line":57,"column":6},"end":{"line":57,"column":50}},"17":{"start":{"line":58,"column":6},"end":{"line":58,"column":50}},"18":{"start":{"line":60,"column":6},"end":{"line":60,"column":56}},"19":{"start":{"line":61,"column":6},"end":{"line":61,"column":52}},"20":{"start":{"line":62,"column":6},"end":{"line":62,"column":61}},"21":{"start":{"line":64,"column":6},"end":{"line":64,"column":55}},"22":{"start":{"line":65,"column":6},"end":{"line":65,"column":64}},"23":{"start":{"line":70,"column":4},"end":{"line":70,"column":44}},"24":{"start":{"line":72,"column":4},"end":{"line":72,"column":3117}},"25":{"start":{"line":73,"column":6},"end":{"line":73,"column":50}},"26":{"start":{"line":76,"column":4},"end":{"line":76,"column":20}}},"branchMap":{"1":{"line":17,"type":"if","locations":[{"start":{"line":17,"column":4},"end":{"line":17,"column":4}},{"start":{"line":17,"column":4},"end":{"line":17,"column":4}}]},"2":{"line":18,"type":"if","locations":[{"start":{"line":18,"column":4},"end":{"line":18,"column":4}},{"start":{"line":18,"column":4},"end":{"line":18,"column":4}}]},"3":{"line":40,"type":"if","locations":[{"start":{"line":40,"column":4},"end":{"line":40,"column":4}},{"start":{"line":40,"column":4},"end":{"line":40,"column":4}}]},"4":{"line":52,"type":"if","locations":[{"start":{"line":52,"column":4},"end":{"line":52,"column":4}},{"start":{"line":52,"column":4},"end":{"line":52,"column":4}}]},"5":{"line":60,"type":"if","locations":[{"start":{"line":60,"column":6},"end":{"line":60,"column":6}},{"start":{"line":60,"column":6},"end":{"line":60,"column":6}}]},"6":{"line":61,"type":"if","locations":[{"start":{"line":61,"column":6},"end":{"line":61,"column":6}},{"start":{"line":61,"column":6},"end":{"line":61,"column":6}}]},"7":{"line":62,"type":"if","locations":[{"start":{"line":62,"column":6},"end":{"line":62,"column":6}},{"start":{"line":62,"column":6},"end":{"line":62,"column":6}}]}}},"contracts/MintingUtility.sol":{"l":{"14":47,"15":47,"16":46,"26":25},"path":"/home/alejoamiras/projects/e11-nft-index/contracts/MintingUtility.sol","s":{"1":47,"2":47,"3":25},"b":{"1":[46,1]},"f":{"1":47,"2":25},"fnMap":{"1":{"name":"onlyMinter","line":13,"loc":{"start":{"line":13,"column":2},"end":{"line":13,"column":23}}},"2":{"name":"setAuthorizedMinter","line":25,"loc":{"start":{"line":25,"column":2},"end":{"line":25,"column":86}}}},"statementMap":{"1":{"start":{"line":14,"column":4},"end":{"line":14,"column":53}},"2":{"start":{"line":15,"column":4},"end":{"line":15,"column":47}},"3":{"start":{"line":26,"column":4},"end":{"line":26,"column":46}}},"branchMap":{"1":{"line":15,"type":"if","locations":[{"start":{"line":15,"column":4},"end":{"line":15,"column":4}},{"start":{"line":15,"column":4},"end":{"line":15,"column":4}}]}}},"contracts/mocks/NFTManagerMock.sol":{"l":{"20":2,"21":2,"22":2,"23":2,"24":2,"25":2,"29":1},"path":"/home/alejoamiras/projects/e11-nft-index/contracts/mocks/NFTManagerMock.sol","s":{"1":2,"2":2,"3":2,"4":2,"5":2,"6":2,"7":1},"b":{},"f":{"1":2,"2":2,"3":1},"fnMap":{"1":{"name":null,"line":16,"loc":{"start":{"line":16,"column":2},"end":{"line":16,"column":109}}},"2":{"name":"getNFTTypeId","line":19,"loc":{"start":{"line":19,"column":2},"end":{"line":19,"column":108}}},"3":{"name":"translateToBytes","line":28,"loc":{"start":{"line":28,"column":2},"end":{"line":28,"column":91}}}},"statementMap":{"1":{"start":{"line":20,"column":4},"end":{"line":20,"column":53}},"2":{"start":{"line":21,"column":4},"end":{"line":21,"column":44}},"3":{"start":{"line":22,"column":4},"end":{"line":22,"column":54}},"4":{"start":{"line":23,"column":4},"end":{"line":23,"column":46}},"5":{"start":{"line":24,"column":4},"end":{"line":24,"column":46}},"6":{"start":{"line":25,"column":4},"end":{"line":25,"column":55}},"7":{"start":{"line":29,"column":4},"end":{"line":29,"column":26}}},"branchMap":{}},"contracts/mocks/SampleToken.sol":{"l":{"26":14,"27":13,"28":12,"29":12,"33":7,"36":6,"39":6,"40":6,"42":6,"44":6,"48":15,"49":15,"50":1,"52":14,"57":15},"path":"/home/alejoamiras/projects/e11-nft-index/contracts/mocks/SampleToken.sol","s":{"1":14,"2":13,"3":12,"4":7,"5":6,"6":6,"7":6,"8":6,"9":6,"10":15,"11":15,"12":1,"13":15},"b":{"1":[13,1],"2":[12,1],"3":[6,1],"4":[1,14]},"f":{"1":9,"2":14,"3":7,"4":15,"5":15},"fnMap":{"1":{"name":null,"line":22,"loc":{"start":{"line":22,"column":2},"end":{"line":22,"column":78}}},"2":{"name":"setTokenTypeAndQuantity","line":25,"loc":{"start":{"line":25,"column":2},"end":{"line":25,"column":99}}},"3":{"name":"mint","line":32,"loc":{"start":{"line":32,"column":2},"end":{"line":32,"column":77}}},"4":{"name":"stringToBytes32","line":47,"loc":{"start":{"line":47,"column":2},"end":{"line":47,"column":87}}},"5":{"name":"stringToHash","line":56,"loc":{"start":{"line":56,"column":2},"end":{"line":56,"column":71}}}},"statementMap":{"1":{"start":{"line":26,"column":4},"end":{"line":26,"column":31}},"2":{"start":{"line":27,"column":4},"end":{"line":27,"column":45}},"3":{"start":{"line":28,"column":4},"end":{"line":28,"column":49}},"4":{"start":{"line":33,"column":4},"end":{"line":33,"column":67}},"5":{"start":{"line":36,"column":4},"end":{"line":36,"column":47}},"6":{"start":{"line":39,"column":4},"end":{"line":39,"column":58}},"7":{"start":{"line":40,"column":4},"end":{"line":40,"column":57}},"8":{"start":{"line":42,"column":4},"end":{"line":42,"column":56}},"9":{"start":{"line":44,"column":4},"end":{"line":44,"column":31}},"10":{"start":{"line":48,"column":4},"end":{"line":48,"column":51}},"11":{"start":{"line":49,"column":4},"end":{"line":49,"column":1815}},"12":{"start":{"line":50,"column":6},"end":{"line":50,"column":16}},"13":{"start":{"line":57,"column":4},"end":{"line":57,"column":57}}},"branchMap":{"1":{"line":26,"type":"if","locations":[{"start":{"line":26,"column":4},"end":{"line":26,"column":4}},{"start":{"line":26,"column":4},"end":{"line":26,"column":4}}]},"2":{"line":27,"type":"if","locations":[{"start":{"line":27,"column":4},"end":{"line":27,"column":4}},{"start":{"line":27,"column":4},"end":{"line":27,"column":4}}]},"3":{"line":33,"type":"if","locations":[{"start":{"line":33,"column":4},"end":{"line":33,"column":4}},{"start":{"line":33,"column":4},"end":{"line":33,"column":4}}]},"4":{"line":49,"type":"if","locations":[{"start":{"line":49,"column":4},"end":{"line":49,"column":4}},{"start":{"line":49,"column":4},"end":{"line":49,"column":4}}]}}},"contracts/NFTIndexer.sol":{"l":{"56":66,"60":39,"61":38,"73":32,"74":30,"75":29,"76":28,"77":28,"89":38,"90":38,"91":37,"92":37,"93":29,"95":37,"96":32,"98":37,"99":37,"100":37,"112":1},"path":"/home/alejoamiras/projects/e11-nft-index/contracts/NFTIndexer.sol","s":{"1":66,"2":39,"3":32,"4":30,"5":29,"6":28,"7":28,"8":38,"9":38,"10":37,"11":37,"12":37,"13":37,"14":37,"15":1},"b":{"1":[38,1],"2":[30,2],"3":[29,1],"4":[28,1],"5":[37,1],"6":[29,8],"7":[32,5]},"f":{"1":50,"2":66,"3":39,"4":32,"5":38,"6":1},"fnMap":{"1":{"name":null,"line":48,"loc":{"start":{"line":48,"column":2},"end":{"line":48,"column":22}}},"2":{"name":"isNFTIndexer","line":55,"loc":{"start":{"line":55,"column":2},"end":{"line":55,"column":54}}},"3":{"name":"onlyNFTManager","line":59,"loc":{"start":{"line":59,"column":2},"end":{"line":59,"column":27}}},"4":{"name":"setNFTManager","line":72,"loc":{"start":{"line":72,"column":2},"end":{"line":72,"column":88}}},"5":{"name":"setNFTUri","line":88,"loc":{"start":{"line":88,"column":2},"end":{"line":88,"column":97}}},"6":{"name":"getIndexedNFTManagersLength","line":111,"loc":{"start":{"line":111,"column":2},"end":{"line":111,"column":110}}}},"statementMap":{"1":{"start":{"line":56,"column":4},"end":{"line":56,"column":15}},"2":{"start":{"line":60,"column":4},"end":{"line":60,"column":58}},"3":{"start":{"line":73,"column":4},"end":{"line":73,"column":46}},"4":{"start":{"line":74,"column":4},"end":{"line":74,"column":38}},"5":{"start":{"line":75,"column":4},"end":{"line":75,"column":53}},"6":{"start":{"line":76,"column":4},"end":{"line":76,"column":41}},"7":{"start":{"line":77,"column":4},"end":{"line":77,"column":49}},"8":{"start":{"line":89,"column":4},"end":{"line":89,"column":39}},"9":{"start":{"line":90,"column":4},"end":{"line":90,"column":35}},"10":{"start":{"line":91,"column":4},"end":{"line":91,"column":35}},"11":{"start":{"line":92,"column":4},"end":{"line":92,"column":3206}},"12":{"start":{"line":95,"column":4},"end":{"line":95,"column":3306}},"13":{"start":{"line":99,"column":4},"end":{"line":99,"column":49}},"14":{"start":{"line":100,"column":4},"end":{"line":100,"column":52}},"15":{"start":{"line":112,"column":4},"end":{"line":112,"column":60}}},"branchMap":{"1":{"line":60,"type":"if","locations":[{"start":{"line":60,"column":4},"end":{"line":60,"column":4}},{"start":{"line":60,"column":4},"end":{"line":60,"column":4}}]},"2":{"line":73,"type":"if","locations":[{"start":{"line":73,"column":4},"end":{"line":73,"column":4}},{"start":{"line":73,"column":4},"end":{"line":73,"column":4}}]},"3":{"line":74,"type":"if","locations":[{"start":{"line":74,"column":4},"end":{"line":74,"column":4}},{"start":{"line":74,"column":4},"end":{"line":74,"column":4}}]},"4":{"line":75,"type":"if","locations":[{"start":{"line":75,"column":4},"end":{"line":75,"column":4}},{"start":{"line":75,"column":4},"end":{"line":75,"column":4}}]},"5":{"line":90,"type":"if","locations":[{"start":{"line":90,"column":4},"end":{"line":90,"column":4}},{"start":{"line":90,"column":4},"end":{"line":90,"column":4}}]},"6":{"line":92,"type":"if","locations":[{"start":{"line":92,"column":4},"end":{"line":92,"column":4}},{"start":{"line":92,"column":4},"end":{"line":92,"column":4}}]},"7":{"line":95,"type":"if","locations":[{"start":{"line":95,"column":4},"end":{"line":95,"column":4}},{"start":{"line":95,"column":4},"end":{"line":95,"column":4}}]}}},"contracts/NFTManager.sol":{"l":{},"path":"/home/alejoamiras/projects/e11-nft-index/contracts/NFTManager.sol","s":{},"b":{},"f":{"1":62},"fnMap":{"1":{"name":null,"line":15,"loc":{"start":{"line":15,"column":2},"end":{"line":15,"column":109}}}},"statementMap":{},"branchMap":{}},"contracts/NFTMinter.sol":{"l":{"45":26,"46":25,"47":24,"48":24,"52":23,"54":20,"55":20,"56":19,"58":19,"60":18,"65":7,"67":6,"68":6,"69":3,"70":3,"71":3,"72":3,"74":3,"80":13,"81":12,"83":9,"86":9,"88":9,"90":9,"93":9,"100":9,"107":12,"108":12,"109":12,"114":20,"123":1,"135":5,"136":5,"137":5,"138":5,"139":5,"140":5,"141":5,"142":5,"143":5},"path":"/home/alejoamiras/projects/e11-nft-index/contracts/NFTMinter.sol","s":{"1":26,"2":25,"3":24,"4":24,"5":23,"6":20,"7":20,"8":19,"9":19,"10":18,"11":7,"12":6,"13":6,"14":3,"15":3,"16":3,"17":3,"18":13,"19":12,"20":9,"21":9,"22":9,"23":9,"24":12,"25":12,"26":12,"27":20,"28":1,"29":5,"30":5,"31":5,"32":5,"33":5,"34":5,"35":5,"36":5,"37":5},"b":{"1":[25,1],"2":[24,1],"3":[20,3],"4":[19,1],"5":[18,1],"6":[6,1],"7":[3,3],"8":[12,1],"9":[9,3]},"f":{"1":26,"2":23,"3":7,"4":13,"5":9,"6":12,"7":20,"8":1,"9":5},"fnMap":{"1":{"name":null,"line":42,"loc":{"start":{"line":42,"column":2},"end":{"line":43,"column":48}}},"2":{"name":"setTokenPrices","line":51,"loc":{"start":{"line":51,"column":2},"end":{"line":51,"column":84}}},"3":{"name":"disableTokens","line":64,"loc":{"start":{"line":64,"column":2},"end":{"line":64,"column":64}}},"4":{"name":"buyTokens","line":79,"loc":{"start":{"line":79,"column":2},"end":{"line":79,"column":55}}},"5":{"name":"forwardFunds","line":98,"loc":{"start":{"line":98,"column":2},"end":{"line":98,"column":34}}},"6":{"name":"validPurchase","line":106,"loc":{"start":{"line":106,"column":2},"end":{"line":106,"column":73}}},"7":{"name":"tokenEnabled","line":113,"loc":{"start":{"line":113,"column":2},"end":{"line":113,"column":70}}},"8":{"name":"getEnabledTokensLength","line":122,"loc":{"start":{"line":122,"column":2},"end":{"line":122,"column":71}}},"9":{"name":"getEnabledTokensInformation","line":131,"loc":{"start":{"line":131,"column":2},"end":{"line":134,"column":106}}}},"statementMap":{"1":{"start":{"line":45,"column":4},"end":{"line":45,"column":33}},"2":{"start":{"line":46,"column":4},"end":{"line":46,"column":40}},"3":{"start":{"line":47,"column":4},"end":{"line":47,"column":19}},"4":{"start":{"line":48,"column":4},"end":{"line":48,"column":29}},"5":{"start":{"line":52,"column":4},"end":{"line":52,"column":74}},"6":{"start":{"line":54,"column":4},"end":{"line":54,"column":1824}},"7":{"start":{"line":55,"column":6},"end":{"line":55,"column":63}},"8":{"start":{"line":56,"column":6},"end":{"line":56,"column":49}},"9":{"start":{"line":58,"column":6},"end":{"line":58,"column":109}},"10":{"start":{"line":60,"column":6},"end":{"line":60,"column":79}},"11":{"start":{"line":65,"column":4},"end":{"line":65,"column":34}},"12":{"start":{"line":67,"column":4},"end":{"line":67,"column":2306}},"13":{"start":{"line":68,"column":6},"end":{"line":68,"column":42}},"14":{"start":{"line":69,"column":6},"end":{"line":69,"column":67}},"15":{"start":{"line":70,"column":6},"end":{"line":70,"column":65}},"16":{"start":{"line":71,"column":6},"end":{"line":71,"column":69}},"17":{"start":{"line":72,"column":6},"end":{"line":72,"column":55}},"18":{"start":{"line":80,"column":4},"end":{"line":80,"column":36}},"19":{"start":{"line":81,"column":4},"end":{"line":81,"column":37}},"20":{"start":{"line":83,"column":4},"end":{"line":83,"column":32}},"21":{"start":{"line":86,"column":4},"end":{"line":86,"column":39}},"22":{"start":{"line":88,"column":4},"end":{"line":88,"column":57}},"23":{"start":{"line":90,"column":4},"end":{"line":90,"column":17}},"24":{"start":{"line":107,"column":4},"end":{"line":107,"column":81}},"25":{"start":{"line":108,"column":4},"end":{"line":108,"column":65}},"26":{"start":{"line":109,"column":4},"end":{"line":109,"column":44}},"27":{"start":{"line":114,"column":4},"end":{"line":114,"column":4067}},"28":{"start":{"line":123,"column":4},"end":{"line":123,"column":31}},"29":{"start":{"line":135,"column":4},"end":{"line":135,"column":51}},"30":{"start":{"line":136,"column":4},"end":{"line":136,"column":54}},"31":{"start":{"line":137,"column":4},"end":{"line":137,"column":58}},"32":{"start":{"line":138,"column":4},"end":{"line":138,"column":67}},"33":{"start":{"line":139,"column":4},"end":{"line":139,"column":5125}},"34":{"start":{"line":140,"column":6},"end":{"line":140,"column":42}},"35":{"start":{"line":141,"column":6},"end":{"line":141,"column":62}},"36":{"start":{"line":142,"column":6},"end":{"line":142,"column":80}},"37":{"start":{"line":143,"column":6},"end":{"line":143,"column":98}}},"branchMap":{"1":{"line":45,"type":"if","locations":[{"start":{"line":45,"column":4},"end":{"line":45,"column":4}},{"start":{"line":45,"column":4},"end":{"line":45,"column":4}}]},"2":{"line":46,"type":"if","locations":[{"start":{"line":46,"column":4},"end":{"line":46,"column":4}},{"start":{"line":46,"column":4},"end":{"line":46,"column":4}}]},"3":{"line":52,"type":"if","locations":[{"start":{"line":52,"column":4},"end":{"line":52,"column":4}},{"start":{"line":52,"column":4},"end":{"line":52,"column":4}}]},"4":{"line":55,"type":"if","locations":[{"start":{"line":55,"column":6},"end":{"line":55,"column":6}},{"start":{"line":55,"column":6},"end":{"line":55,"column":6}}]},"5":{"line":58,"type":"if","locations":[{"start":{"line":58,"column":6},"end":{"line":58,"column":6}},{"start":{"line":58,"column":6},"end":{"line":58,"column":6}}]},"6":{"line":65,"type":"if","locations":[{"start":{"line":65,"column":4},"end":{"line":65,"column":4}},{"start":{"line":65,"column":4},"end":{"line":65,"column":4}}]},"7":{"line":68,"type":"if","locations":[{"start":{"line":68,"column":6},"end":{"line":68,"column":6}},{"start":{"line":68,"column":6},"end":{"line":68,"column":6}}]},"8":{"line":80,"type":"if","locations":[{"start":{"line":80,"column":4},"end":{"line":80,"column":4}},{"start":{"line":80,"column":4},"end":{"line":80,"column":4}}]},"9":{"line":81,"type":"if","locations":[{"start":{"line":81,"column":4},"end":{"line":81,"column":4}},{"start":{"line":81,"column":4},"end":{"line":81,"column":4}}]}}}}